Dec 10, 2025 11:51:39 PM com.google.cloud.datastore.emulator.firestore.websocket.WebSocketServer start
INFO: Started WebSocket server on ws://127.0.0.1:9150
API endpoint: http://127.0.0.1:8080
If you are using a library that supports the FIRESTORE_EMULATOR_HOST environment variable, run:

   export FIRESTORE_EMULATOR_HOST=127.0.0.1:8080

If you are running a Firestore in Datastore Mode project, run:

   export DATASTORE_EMULATOR_HOST=127.0.0.1:8080

Note: Support for Datastore Mode is in preview. If you encounter any bugs please file at https://github.com/firebase/firebase-tools/issues.
Dev App Server is now running.

Dec 10, 2025 11:51:44 PM io.gapi.emulators.netty.HttpVersionRoutingHandler channelRead
INFO: Detected non-HTTP/2 connection.
Dec 10, 2025 11:51:44 PM io.gapi.emulators.netty.NotFoundHandler handleRequest
INFO: Unknown request URI: /v1/meta
Dec 10, 2025 11:51:48 PM io.gapi.emulators.netty.HttpVersionRoutingHandler channelRead
INFO: Detected non-HTTP/2 connection.
Dec 10, 2025 11:51:48 PM io.gapi.emulators.netty.HttpVersionRoutingHandler channelRead
INFO: Detected HTTP/2 connection.
Dec 10, 2025 11:51:52 PM io.gapi.emulators.netty.HttpVersionRoutingHandler channelRead
INFO: Detected non-HTTP/2 connection.
Dec 10, 2025 11:51:52 PM io.gapi.emulators.netty.NotFoundHandler handleRequest
INFO: Unknown request URI: /v1/meta
Dec 10, 2025 11:51:52 PM io.gapi.emulators.netty.HttpVersionRoutingHandler channelRead
INFO: Detected HTTP/2 connection.
Dec 10, 2025 11:52:17 PM io.gapi.emulators.netty.HttpVersionRoutingHandler channelRead
INFO: Detected non-HTTP/2 connection.
Dec 10, 2025 11:52:17 PM io.gapi.emulators.netty.HttpVersionRoutingHandler channelRead
INFO: Detected non-HTTP/2 connection.
Dec 10, 2025 11:52:17 PM io.gapi.emulators.netty.NotFoundHandler handleRequest
INFO: Unknown request URI: /v1/meta
Dec 10, 2025 11:52:17 PM io.gapi.emulators.netty.HttpVersionRoutingHandler channelRead
INFO: Detected non-HTTP/2 connection.
Dec 10, 2025 11:52:17 PM io.gapi.emulators.netty.HttpVersionRoutingHandler channelRead
INFO: Detected non-HTTP/2 connection.
Dec 10, 2025 11:52:17 PM io.gapi.emulators.netty.NotFoundHandler handleRequest
INFO: Unknown request URI: /v1/meta
Dec 10, 2025 11:52:17 PM io.gapi.emulators.netty.NotFoundHandler handleRequest
INFO: Unknown request URI: /v1/meta
Dec 10, 2025 11:52:17 PM io.gapi.emulators.netty.NotFoundHandler handleRequest
INFO: Unknown request URI: /v1/meta
Dec 10, 2025 11:54:21 PM io.gapi.emulators.netty.HttpVersionRoutingHandler channelRead
INFO: Detected non-HTTP/2 connection.
Dec 10, 2025 11:54:21 PM io.gapi.emulators.netty.HttpVersionRoutingHandler channelRead
INFO: Detected non-HTTP/2 connection.
Dec 10, 2025 11:54:21 PM io.gapi.emulators.netty.NotFoundHandler handleRequest
INFO: Unknown request URI: /v1/meta
Dec 10, 2025 11:54:21 PM io.gapi.emulators.netty.NotFoundHandler handleRequest
INFO: Unknown request URI: /v1/meta
Dec 10, 2025 11:54:55 PM io.gapi.emulators.netty.HttpVersionRoutingHandler channelRead
INFO: Detected non-HTTP/2 connection.
Dec 10, 2025 11:54:55 PM io.gapi.emulators.netty.NotFoundHandler handleRequest
INFO: Unknown request URI: /v1/meta
Dec 10, 2025 11:56:50 PM io.gapi.emulators.netty.HttpVersionRoutingHandler channelRead
INFO: Detected non-HTTP/2 connection.
Dec 10, 2025 11:56:50 PM io.gapi.emulators.netty.HttpVersionRoutingHandler channelRead
INFO: Detected non-HTTP/2 connection.
Dec 10, 2025 11:56:50 PM io.gapi.emulators.netty.HttpVersionRoutingHandler channelRead
INFO: Detected non-HTTP/2 connection.
Dec 10, 2025 11:56:50 PM io.gapi.emulators.netty.HttpVersionRoutingHandler channelRead
INFO: Detected non-HTTP/2 connection.
Dec 10, 2025 11:56:50 PM io.gapi.emulators.netty.HttpVersionRoutingHandler channelRead
INFO: Detected non-HTTP/2 connection.
Dec 10, 2025 11:56:50 PM io.gapi.emulators.netty.HttpVersionRoutingHandler channelRead
INFO: Detected non-HTTP/2 connection.
Dec 10, 2025 11:56:50 PM io.gapi.emulators.netty.NotFoundHandler handleRequest
INFO: Unknown request URI: /v1/meta
Dec 10, 2025 11:56:50 PM io.gapi.emulators.netty.NotFoundHandler handleRequest
INFO: Unknown request URI: /v1/meta
Dec 10, 2025 11:56:50 PM io.gapi.emulators.netty.NotFoundHandler handleRequest
INFO: Unknown request URI: /v1/meta
Dec 10, 2025 11:56:50 PM io.gapi.emulators.netty.NotFoundHandler handleRequest
INFO: Unknown request URI: /v1/meta
Dec 10, 2025 11:56:50 PM io.gapi.emulators.netty.NotFoundHandler handleRequest
INFO: Unknown request URI: /v1/meta
Dec 10, 2025 11:56:50 PM io.gapi.emulators.netty.NotFoundHandler handleRequest
INFO: Unknown request URI: /v1/meta
Dec 10, 2025 11:56:50 PM io.gapi.emulators.netty.HttpVersionRoutingHandler channelRead
INFO: Detected HTTP/2 connection.
Dec 10, 2025 11:56:50 PM io.gapi.emulators.netty.HttpVersionRoutingHandler channelRead
INFO: Detected HTTP/2 connection.
Dec 10, 2025 11:56:51 PM io.gapi.emulators.netty.HttpVersionRoutingHandler channelRead
INFO: Detected HTTP/2 connection.
Dec 10, 2025 11:57:26 PM io.gapi.emulators.netty.HttpVersionRoutingHandler channelRead
INFO: Detected non-HTTP/2 connection.
Dec 10, 2025 11:57:26 PM io.gapi.emulators.netty.HttpVersionRoutingHandler channelRead
INFO: Detected non-HTTP/2 connection.
Dec 10, 2025 11:57:26 PM io.gapi.emulators.netty.NotFoundHandler handleRequest
INFO: Unknown request URI: /v1/meta
Dec 10, 2025 11:57:26 PM io.gapi.emulators.netty.NotFoundHandler handleRequest
INFO: Unknown request URI: /v1/meta
Dec 11, 2025 12:26:32 AM io.gapi.emulators.netty.HttpVersionRoutingHandler channelRead
INFO: Detected non-HTTP/2 connection.
Dec 11, 2025 12:26:33 AM io.gapi.emulators.netty.HttpVersionRoutingHandler channelRead
INFO: Detected non-HTTP/2 connection.
Dec 11, 2025 12:26:33 AM io.gapi.emulators.netty.HttpVersionRoutingHandler channelRead
INFO: Detected non-HTTP/2 connection.
Dec 11, 2025 12:27:33 AM io.gapi.emulators.netty.HttpVersionRoutingHandler channelRead
INFO: Detected non-HTTP/2 connection.
Dec 11, 2025 12:27:34 AM io.gapi.emulators.netty.HttpVersionRoutingHandler channelRead
INFO: Detected non-HTTP/2 connection.
Dec 11, 2025 12:27:34 AM com.google.cloud.datastore.emulator.firestore.webchannel.FirestoreV1WebChannelAdapter$FirestoreListenHandler onClose
INFO: channel closed
*** shutting down gRPC server since JVM is shutting down
*** server shut down
